<?xml version="1.0" encoding="UTF-8"?>
<testsuite xmlns:xsi="http://www.w3.org/2001/XMLSchema-instance" xsi:noNamespaceSchemaLocation="https://maven.apache.org/surefire/maven-surefire-plugin/xsd/surefire-test-report-3.0.xsd" version="3.0" name="GameBoardTest" time="0.023" tests="11" errors="0" skipped="0" failures="0">
  <properties>
[...]
</properties>
  <testcase name="testCheckDiagonalWinRightToLeft" classname="GameBoardTest" time="0.002"/>
  <testcase name="testCheckHorizontalWin" classname="GameBoardTest" time="0.001"/>
  <testcase name="testDropPieceInvalidColumn" classname="GameBoardTest" time="0.005"/>
  <testcase name="testIsBoardFull" classname="GameBoardTest" time="0.001"/>
  <testcase name="testDropPieceFullColumn" classname="GameBoardTest" time="0.001"/>
  <testcase name="testPrintBoard" classname="GameBoardTest" time="0.004">
    <system-out><![CDATA[0 1 2 3 4 5 6 
- - - - - - - 
- - - - - - - 
- - - - - - - 
- - - - - - - 
- - - - - - - 
- - - - - - - 
]]></system-out>
  </testcase>
  <testcase name="testInitializeBoard" classname="GameBoardTest" time="0.003"/>
  <testcase name="testDropPieceValid" classname="GameBoardTest" time="0.001"/>
  <testcase name="testCheckVerticalWin" classname="GameBoardTest" time="0.001"/>
  <testcase name="testIsBoardNotFull" classname="GameBoardTest" time="0.001"/>
  <testcase name="testCheckDiagonalWinLeftToRight" classname="GameBoardTest" time="0.001"/>
</testsuite>